<?xml version="1.0" encoding="UTF-8"?>
<testng-results ignored="1" total="2" passed="1" failed="0" skipped="0">
  <reporter-output>
  </reporter-output>
  <suite started-at="2020-03-13T20:17:13 IST" name="Default suite" finished-at="2020-03-13T20:17:26 IST" duration-ms="12863">
    <groups>
    </groups>
    <test started-at="2020-03-13T20:17:13 IST" name="Default test" finished-at="2020-03-13T20:17:26 IST" duration-ms="12863">
      <class name="com.atmecs.falcon.testscript.TestScipt">
        <test-method is-config="true" signature="invokeBrowser()[pri:0, instance:com.atmecs.falcon.testscript.TestScipt@11a9e7c8]" started-at="2020-03-13T20:17:13 IST" name="invokeBrowser" finished-at="2020-03-13T20:17:25 IST" duration-ms="12084" status="PASS">
          <reporter-output>
          </reporter-output>
        </test-method> <!-- invokeBrowser -->
        <test-method signature="action()[pri:0, instance:com.atmecs.falcon.testscript.TestScipt@11a9e7c8]" started-at="2020-03-13T20:17:25 IST" name="action" finished-at="2020-03-13T20:17:26 IST" duration-ms="704" status="PASS">
          <reporter-output>
          </reporter-output>
        </test-method> <!-- action -->
      </class> <!-- com.atmecs.falcon.testscript.TestScipt -->
    </test> <!-- Default test -->
  </suite> <!-- Default suite -->
</testng-results>
