<?xml version="1.0" encoding="UTF-8"?>
<!-- Generated by org.testng.reporters.JUnitXMLReporter -->
<testsuite ignored="1" hostname="ATMECSINDT-045" failures="0" tests="1" name="Default test" time="12.863" errors="0" timestamp="2020-03-13T20:17:26 IST">
  <testcase classname="com.atmecs.falcon.testscript.TestScipt" name="action" time="0.704"/>
  <testcase classname="com.atmecs.falcon.baseclass.BaseClass" name="@BeforeTest invokeBrowser" time="0.0">
    <ignored/>
  </testcase> <!-- @BeforeTest invokeBrowser -->
</testsuite> <!-- Default test -->
